# JRE version: OpenJDK Runtime Environment Corretto-11.0.9.12.1 (11.0.9.1+12) (build 11.0.9.1+12-LTS)
# Java VM: OpenJDK 64-Bit Server VM Corretto-11.0.9.12.1 (11.0.9.1+12-LTS, mixed mode, tiered, compressed oops, g1 gc, windows-amd64)
Heap:
 garbage-first heap   total 262144K, used 82696K [0x00000000e0000000, 0x0000000100000000)
  region size 1024K, 40 young (40960K), 14 survivors (14336K)
 Metaspace       used 61065K, capacity 62587K, committed 62672K, reserved 309248K
  class space    used 7756K, capacity 8251K, committed 8276K, reserved 253952K
GC Heap History (12 events):
Event: 1.159 GC heap before
{Heap before GC invocations=0 (full 0):
 garbage-first heap   total 262144K, used 29696K [0x00000000e0000000, 0x0000000100000000)
  region size 1024K, 24 young (24576K), 0 survivors (0K)
 Metaspace       used 10630K, capacity 10938K, committed 11264K, reserved 264192K
  class space    used 1115K, capacity 1197K, committed 1280K, reserved 253952K
}
Event: 1.181 GC heap after
{Heap after GC invocations=1 (full 0):
 garbage-first heap   total 262144K, used 8778K [0x00000000e0000000, 0x0000000100000000)
  region size 1024K, 3 young (3072K), 3 survivors (3072K)
 Metaspace       used 10630K, capacity 10938K, committed 11264K, reserved 264192K
  class space    used 1115K, capacity 1197K, committed 1280K, reserved 253952K
}
Event: 3.578 GC heap before
{Heap before GC invocations=1 (full 0):
 garbage-first heap   total 262144K, used 92746K [0x00000000e0000000, 0x0000000100000000)
  region size 1024K, 87 young (89088K), 3 survivors (3072K)
 Metaspace       used 20494K, capacity 21107K, committed 21296K, reserved 274432K
  class space    used 2486K, capacity 2658K, committed 2688K, reserved 253952K
}
Event: 3.591 GC heap after
{Heap after GC invocations=2 (full 0):
 garbage-first heap   total 262144K, used 16062K [0x00000000e0000000, 0x0000000100000000)
  region size 1024K, 11 young (11264K), 11 survivors (11264K)
 Metaspace       used 20494K, capacity 21107K, committed 21296K, reserved 274432K
  class space    used 2486K, capacity 2658K, committed 2688K, reserved 253952K
}
Event: 6.255 GC heap before
{Heap before GC invocations=3 (full 0):
 garbage-first heap   total 262144K, used 89790K [0x00000000e0000000, 0x0000000100000000)
  region size 1024K, 75 young (76800K), 11 survivors (11264K)
 Metaspace       used 26927K, capacity 27736K, committed 27824K, reserved 278528K
  class space    used 3544K, capacity 3813K, committed 3840K, reserved 253952K
}
Event: 6.265 GC heap after
{Heap after GC invocations=4 (full 0):
 garbage-first heap   total 262144K, used 30348K [0x00000000e0000000, 0x0000000100000000)
  region size 1024K, 5 young (5120K), 5 survivors (5120K)
 Metaspace       used 26927K, capacity 27736K, committed 27824K, reserved 278528K
  class space    used 3544K, capacity 3813K, committed 3840K, reserved 253952K
}
Event: 7.575 GC heap before
{Heap before GC invocations=4 (full 0):
 garbage-first heap   total 262144K, used 76428K [0x00000000e0000000, 0x0000000100000000)
  region size 1024K, 51 young (52224K), 5 survivors (5120K)
 Metaspace       used 34748K, capacity 35651K, committed 35708K, reserved 286720K
  class space    used 4560K, capacity 4855K, committed 4864K, reserved 253952K
}
Event: 7.594 GC heap after
{Heap after GC invocations=5 (full 0):
 garbage-first heap   total 262144K, used 32466K [0x00000000e0000000, 0x0000000100000000)
  region size 1024K, 8 young (8192K), 8 survivors (8192K)
 Metaspace       used 34748K, capacity 35651K, committed 35708K, reserved 286720K
  class space    used 4560K, capacity 4855K, committed 4864K, reserved 253952K
}
Event: 11.998 GC heap before
{Heap before GC invocations=6 (full 0):
 garbage-first heap   total 262144K, used 149202K [0x00000000e0000000, 0x0000000100000000)
  region size 1024K, 110 young (112640K), 8 survivors (8192K)
 Metaspace       used 44331K, capacity 45513K, committed 45692K, reserved 294912K
  class space    used 5642K, capacity 6045K, committed 6144K, reserved 253952K
}
Event: 12.014 GC heap after
{Heap after GC invocations=7 (full 0):
 garbage-first heap   total 262144K, used 50395K [0x00000000e0000000, 0x0000000100000000)
  region size 1024K, 14 young (14336K), 14 survivors (14336K)
 Metaspace       used 44331K, capacity 45513K, committed 45692K, reserved 294912K
  class space    used 5642K, capacity 6045K, committed 6144K, reserved 253952K
}
Event: 16.525 GC heap before
{Heap before GC invocations=7 (full 0):
 garbage-first heap   total 262144K, used 142555K [0x00000000e0000000, 0x0000000100000000)
  region size 1024K, 105 young (107520K), 14 survivors (14336K)
 Metaspace       used 58297K, capacity 59617K, committed 59728K, reserved 307200K
  class space    used 7364K, capacity 7838K, committed 7892K, reserved 253952K
}
Event: 16.588 GC heap after
{Heap after GC invocations=8 (full 0):
 garbage-first heap   total 262144K, used 57096K [0x00000000e0000000, 0x0000000100000000)
  region size 1024K, 14 young (14336K), 14 survivors (14336K)
 Metaspace       used 58297K, capacity 59617K, committed 59728K, reserved 307200K
  class space    used 7364K, capacity 7838K, committed 7892K, reserved 253952K
}

