# JRE version: OpenJDK Runtime Environment Corretto-11.0.9.12.1 (11.0.9.1+12) (build 11.0.9.1+12-LTS)
# Java VM: OpenJDK 64-Bit Server VM Corretto-11.0.9.12.1 (11.0.9.1+12-LTS, mixed mode, tiered, compressed oops, g1 gc, windows-amd64)
Heap:
 garbage-first heap   total 262144K, used 163322K [0x00000000e0000000, 0x0000000100000000)
  region size 1024K, 76 young (77824K), 9 survivors (9216K)
 Metaspace       used 79481K, capacity 81984K, committed 82172K, reserved 325632K
  class space    used 10193K, capacity 11045K, committed 11136K, reserved 253952K
GC Heap History (20 events):
Event: 7.656 GC heap before
{Heap before GC invocations=0 (full 0):
 garbage-first heap   total 262144K, used 29696K [0x00000000e0000000, 0x0000000100000000)
  region size 1024K, 24 young (24576K), 0 survivors (0K)
 Metaspace       used 10630K, capacity 10938K, committed 11264K, reserved 264192K
  class space    used 1115K, capacity 1197K, committed 1280K, reserved 253952K
}
Event: 7.663 GC heap after
{Heap after GC invocations=1 (full 0):
 garbage-first heap   total 262144K, used 8783K [0x00000000e0000000, 0x0000000100000000)
  region size 1024K, 3 young (3072K), 3 survivors (3072K)
 Metaspace       used 10630K, capacity 10938K, committed 11264K, reserved 264192K
  class space    used 1115K, capacity 1197K, committed 1280K, reserved 253952K
}
Event: 16.661 GC heap before
{Heap before GC invocations=1 (full 0):
 garbage-first heap   total 262144K, used 93775K [0x00000000e0000000, 0x0000000100000000)
  region size 1024K, 88 young (90112K), 3 survivors (3072K)
 Metaspace       used 20534K, capacity 21166K, committed 21296K, reserved 274432K
  class space    used 2500K, capacity 2688K, committed 2688K, reserved 253952K
}
Event: 16.673 GC heap after
{Heap after GC invocations=2 (full 0):
 garbage-first heap   total 262144K, used 15732K [0x00000000e0000000, 0x0000000100000000)
  region size 1024K, 10 young (10240K), 10 survivors (10240K)
 Metaspace       used 20534K, capacity 21166K, committed 21296K, reserved 274432K
  class space    used 2500K, capacity 2688K, committed 2688K, reserved 253952K
}
Event: 17.554 GC heap before
{Heap before GC invocations=3 (full 0):
 garbage-first heap   total 262144K, used 75124K [0x00000000e0000000, 0x0000000100000000)
  region size 1024K, 68 young (69632K), 10 survivors (10240K)
 Metaspace       used 26578K, capacity 27207K, committed 27440K, reserved 278528K
  class space    used 3500K, capacity 3709K, committed 3712K, reserved 253952K
}
Event: 17.564 GC heap after
{Heap after GC invocations=4 (full 0):
 garbage-first heap   total 262144K, used 17941K [0x00000000e0000000, 0x0000000100000000)
  region size 1024K, 3 young (3072K), 3 survivors (3072K)
 Metaspace       used 26578K, capacity 27207K, committed 27440K, reserved 278528K
  class space    used 3500K, capacity 3709K, committed 3712K, reserved 253952K
}
Event: 18.593 GC heap before
{Heap before GC invocations=4 (full 0):
 garbage-first heap   total 262144K, used 61973K [0x00000000e0000000, 0x0000000100000000)
  region size 1024K, 48 young (49152K), 3 survivors (3072K)
 Metaspace       used 34890K, capacity 35646K, committed 35708K, reserved 286720K
  class space    used 4565K, capacity 4862K, committed 4864K, reserved 253952K
}
Event: 18.604 GC heap after
{Heap after GC invocations=5 (full 0):
 garbage-first heap   total 262144K, used 20927K [0x00000000e0000000, 0x0000000100000000)
  region size 1024K, 6 young (6144K), 6 survivors (6144K)
 Metaspace       used 34890K, capacity 35646K, committed 35708K, reserved 286720K
  class space    used 4565K, capacity 4862K, committed 4864K, reserved 253952K
}
Event: 20.639 GC heap before
{Heap before GC invocations=6 (full 0):
 garbage-first heap   total 262144K, used 128447K [0x00000000e0000000, 0x0000000100000000)
  region size 1024K, 108 young (110592K), 6 survivors (6144K)
 Metaspace       used 44928K, capacity 46037K, committed 46076K, reserved 294912K
  class space    used 5838K, capacity 6257K, committed 6272K, reserved 253952K
}
Event: 20.655 GC heap after
{Heap after GC invocations=7 (full 0):
 garbage-first heap   total 262144K, used 27187K [0x00000000e0000000, 0x0000000100000000)
  region size 1024K, 12 young (12288K), 12 survivors (12288K)
 Metaspace       used 44928K, capacity 46037K, committed 46076K, reserved 294912K
  class space    used 5838K, capacity 6257K, committed 6272K, reserved 253952K
}
Event: 27.980 GC heap before
{Heap before GC invocations=7 (full 0):
 garbage-first heap   total 262144K, used 171571K [0x00000000e0000000, 0x0000000100000000)
  region size 1024K, 153 young (156672K), 12 survivors (12288K)
 Metaspace       used 53066K, capacity 54512K, committed 54652K, reserved 301056K
  class space    used 7048K, capacity 7602K, committed 7680K, reserved 253952K
}
Event: 27.997 GC heap after
{Heap after GC invocations=8 (full 0):
 garbage-first heap   total 262144K, used 33308K [0x00000000e0000000, 0x0000000100000000)
  region size 1024K, 16 young (16384K), 16 survivors (16384K)
 Metaspace       used 53066K, capacity 54512K, committed 54652K, reserved 301056K
  class space    used 7048K, capacity 7602K, committed 7680K, reserved 253952K
}
Event: 28.528 GC heap before
{Heap before GC invocations=8 (full 0):
 garbage-first heap   total 262144K, used 46620K [0x00000000e0000000, 0x0000000100000000)
  region size 1024K, 30 young (30720K), 16 survivors (16384K)
 Metaspace       used 58278K, capacity 59798K, committed 59900K, reserved 307200K
  class space    used 7690K, capacity 8278K, committed 8320K, reserved 253952K
}
Event: 28.561 GC heap after
{Heap after GC invocations=9 (full 0):
 garbage-first heap   total 262144K, used 36491K [0x00000000e0000000, 0x0000000100000000)
  region size 1024K, 10 young (10240K), 10 survivors (10240K)
 Metaspace       used 58278K, capacity 59798K, committed 59900K, reserved 307200K
  class space    used 7690K, capacity 8278K, committed 8320K, reserved 253952K
}
Event: 36.321 GC heap before
{Heap before GC invocations=10 (full 0):
 garbage-first heap   total 262144K, used 194187K [0x00000000e0000000, 0x0000000100000000)
  region size 1024K, 150 young (153600K), 10 survivors (10240K)
 Metaspace       used 62523K, capacity 64525K, committed 64636K, reserved 311296K
  class space    used 8169K, capacity 8942K, committed 8960K, reserved 253952K
}
Event: 36.333 GC heap after
{Heap after GC invocations=11 (full 0):
 garbage-first heap   total 262144K, used 61440K [0x00000000e0000000, 0x0000000100000000)
  region size 1024K, 19 young (19456K), 19 survivors (19456K)
 Metaspace       used 62523K, capacity 64525K, committed 64636K, reserved 311296K
  class space    used 8169K, capacity 8942K, committed 8960K, reserved 253952K
}
Event: 38.401 GC heap before
{Heap before GC invocations=11 (full 0):
 garbage-first heap   total 262144K, used 203776K [0x00000000e0000000, 0x0000000100000000)
  region size 1024K, 146 young (149504K), 19 survivors (19456K)
 Metaspace       used 69329K, capacity 71467K, committed 71548K, reserved 317440K
  class space    used 8996K, capacity 9724K, committed 9728K, reserved 253952K
}
Event: 38.429 GC heap after
{Heap after GC invocations=12 (full 0):
 garbage-first heap   total 262144K, used 88148K [0x00000000e0000000, 0x0000000100000000)
  region size 1024K, 18 young (18432K), 18 survivors (18432K)
 Metaspace       used 69329K, capacity 71467K, committed 71548K, reserved 317440K
  class space    used 8996K, capacity 9724K, committed 9728K, reserved 253952K
}
Event: 168.778 GC heap before
{Heap before GC invocations=12 (full 0):
 garbage-first heap   total 262144K, used 195668K [0x00000000e0000000, 0x0000000100000000)
  region size 1024K, 124 young (126976K), 18 survivors (18432K)
 Metaspace       used 75543K, capacity 78050K, committed 78332K, reserved 323584K
  class space    used 9730K, capacity 10577K, committed 10624K, reserved 253952K
}
Event: 168.811 GC heap after
{Heap after GC invocations=13 (full 0):
 garbage-first heap   total 262144K, used 96762K [0x00000000e0000000, 0x0000000100000000)
  region size 1024K, 9 young (9216K), 9 survivors (9216K)
 Metaspace       used 75543K, capacity 78050K, committed 78332K, reserved 323584K
  class space    used 9730K, capacity 10577K, committed 10624K, reserved 253952K
}

